<?xml version="1.0" encoding="UTF-8"?>
<testsuite xmlns:xsi="http://www.w3.org/2001/XMLSchema-instance" xsi:noNamespaceSchemaLocation="https://maven.apache.org/surefire/maven-surefire-plugin/xsd/surefire-test-report-3.0.xsd" version="3.0" name="laskin.NelioTest" time="0.193" tests="6" errors="0" skipped="0" failures="0">
  <properties>
[...]
</properties>
  <testcase name="testSquareroot(int, int)[1]" classname="laskin.NelioTest" time="0.046"/>
  <testcase name="testSquareroot(int, int)[2]" classname="laskin.NelioTest" time="0.002"/>
  <testcase name="testSquareroot(int, int)[3]" classname="laskin.NelioTest" time="0.001"/>
  <testcase name="testSquareroot(int, int)[4]" classname="laskin.NelioTest" time="0.001"/>
  <testcase name="testSquareroot(int, int)[5]" classname="laskin.NelioTest" time="0.001"/>
  <testcase name="testSquareroot(int, int)[6]" classname="laskin.NelioTest" time="0.001"/>
</testsuite>